0 info it worked if it ends with ok
1 verbose cli [ '/usr/bin/node', '/usr/bin/npm', 'run', 'production' ]
2 info using npm@3.10.10
3 info using node@v6.11.3
4 verbose run-script [ 'preproduction', 'production', 'postproduction' ]
5 info lifecycle backend@1.0.0~preproduction: backend@1.0.0
6 silly lifecycle backend@1.0.0~preproduction: no script for preproduction, continuing
7 info lifecycle backend@1.0.0~production: backend@1.0.0
8 verbose lifecycle backend@1.0.0~production: unsafe-perm in lifecycle true
9 verbose lifecycle backend@1.0.0~production: PATH: /usr/lib/node_modules/npm/bin/node-gyp-bin:/home/fabio/Área de Trabalho/todo-app/backend/node_modules/.bin:/home/fabio/bin:/home/fabio/.local/bin:/usr/local/sbin:/usr/local/bin:/usr/sbin:/usr/bin:/sbin:/bin:/usr/games:/usr/local/games:/snap/bin:/usr/lib/jvm/java-8-oracle/bin:/usr/lib/jvm/java-8-oracle/db/bin:/usr/lib/jvm/java-8-oracle/jre/bin
10 verbose lifecycle backend@1.0.0~production: CWD: /home/fabio/Área de Trabalho/todo-app/backend
11 silly lifecycle backend@1.0.0~production: Args: [ '-c', 'pm2 start src/loader.js --name todo-app' ]
12 silly lifecycle backend@1.0.0~production: Returned: code: 1  signal: null
13 info lifecycle backend@1.0.0~production: Failed to exec production script
14 verbose stack Error: backend@1.0.0 production: `pm2 start src/loader.js --name todo-app`
14 verbose stack Exit status 1
14 verbose stack     at EventEmitter.<anonymous> (/usr/lib/node_modules/npm/lib/utils/lifecycle.js:255:16)
14 verbose stack     at emitTwo (events.js:106:13)
14 verbose stack     at EventEmitter.emit (events.js:191:7)
14 verbose stack     at ChildProcess.<anonymous> (/usr/lib/node_modules/npm/lib/utils/spawn.js:40:14)
14 verbose stack     at emitTwo (events.js:106:13)
14 verbose stack     at ChildProcess.emit (events.js:191:7)
14 verbose stack     at maybeClose (internal/child_process.js:920:16)
14 verbose stack     at Process.ChildProcess._handle.onexit (internal/child_process.js:230:5)
15 verbose pkgid backend@1.0.0
16 verbose cwd /home/fabio/Área de Trabalho/todo-app/backend
17 error Linux 4.4.0-93-generic
18 error argv "/usr/bin/node" "/usr/bin/npm" "run" "production"
19 error node v6.11.3
20 error npm  v3.10.10
21 error code ELIFECYCLE
22 error backend@1.0.0 production: `pm2 start src/loader.js --name todo-app`
22 error Exit status 1
23 error Failed at the backend@1.0.0 production script 'pm2 start src/loader.js --name todo-app'.
23 error Make sure you have the latest version of node.js and npm installed.
23 error If you do, this is most likely a problem with the backend package,
23 error not with npm itself.
23 error Tell the author that this fails on your system:
23 error     pm2 start src/loader.js --name todo-app
23 error You can get information on how to open an issue for this project with:
23 error     npm bugs backend
23 error Or if that isn't available, you can get their info via:
23 error     npm owner ls backend
23 error There is likely additional logging output above.
24 verbose exit [ 1, true ]
